<?xml version="1.0" encoding="UTF-8"?>
<!-- Generated by org.testng.reporters.JUnitXMLReporter -->
<testsuite ignored="6" hostname="DESKTOP-AL847SF" failures="0" tests="1" name="API Test" time="1.441" errors="0" timestamp="2025-07-18T16:39:00 IST">
  <testcase classname="com.moolya.api.tests.ApiAutomation" name="updateUserDetails" time="1.351"/>
  <testcase classname="com.moolya.api.tests.ApiAutomation" name="getTheDetailsOfUseAfterUpdater" time="0.0">
    <ignored/>
  </testcase> <!-- getTheDetailsOfUseAfterUpdater -->
  <testcase classname="com.moolya.api.tests.ApiAutomation" name="getListOfUsers" time="0.0">
    <ignored/>
  </testcase> <!-- getListOfUsers -->
  <testcase classname="com.moolya.api.tests.ApiAutomation" name="createUserOrder" time="0.0">
    <ignored/>
  </testcase> <!-- createUserOrder -->
  <testcase classname="com.moolya.api.tests.ApiAutomation" name="getListOfUSers_body_validation" time="0.0">
    <ignored/>
  </testcase> <!-- getListOfUSers_body_validation -->
  <testcase classname="com.moolya.api.tests.ApiAutomation" name="getListOfUsersHardCoded" time="0.0">
    <ignored/>
  </testcase> <!-- getListOfUsersHardCoded -->
  <testcase classname="com.moolya.api.tests.ApiAutomation" name="createUser" time="0.0">
    <ignored/>
  </testcase> <!-- createUser -->
</testsuite> <!-- API Test -->
