<?xml version="1.0" encoding="UTF-8"?>
<!-- Generated by org.testng.reporters.JUnitXMLReporter -->
<testsuite ignored="3" hostname="DESKTOP-AL847SF" failures="1" tests="5" name="smoke tests" time="3.448" errors="0" timestamp="2025-07-22T12:25:41 IST">
  <testcase classname="com.moolya.api.tests.ApiAutomation" name="getListOfUsersHardCoded" time="2.103"/>
  <testcase classname="com.moolya.api.tests.ApiAutomation" name="updateUserDetails" time="0.057"/>
  <testcase classname="com.moolya.api.tests.ApiAutomation" name="getListOfUSers_body_validation" time="1.14"/>
  <testcase classname="com.moolya.api.tests.ApiAutomation" name="updateUserDetailsWithDisplay" time="0.037"/>
  <testcase classname="com.moolya.api.tests.ApiAutomation" name="getTheDetailsOfUseAfterUpdater" time="0.0">
    <failure type="org.testng.TestNGException" message="
Cannot inject @Test annotated Method [getTheDetailsOfUseAfterUpdater] with [class java.lang.String, class java.lang.String].
For more information on native dependency injection please refer to https://testng.org/#_dependency_injection">
      <![CDATA[org.testng.TestNGException: 
Cannot inject @Test annotated Method [getTheDetailsOfUseAfterUpdater] with [class java.lang.String, class java.lang.String].
For more information on native dependency injection please refer to https://testng.org/#_dependency_injection
at java.base/java.util.ArrayList.forEach(ArrayList.java:1541)
... Removed 26 stack frames]]>
    </failure>
  </testcase> <!-- getTheDetailsOfUseAfterUpdater -->
  <testcase classname="com.moolya.api.tests.ApiAutomation" name="getListOfUsers" time="0.0">
    <ignored/>
  </testcase> <!-- getListOfUsers -->
  <testcase classname="com.moolya.api.tests.ApiAutomation" name="createUser" time="0.0">
    <ignored/>
  </testcase> <!-- createUser -->
  <testcase classname="com.moolya.api.tests.ApiAutomation" name="createUserOrder" time="0.0">
    <ignored/>
  </testcase> <!-- createUserOrder -->
</testsuite> <!-- smoke tests -->
