<?xml version="1.0" encoding="UTF-8"?>
<testng-results ignored="3" total="8" passed="4" failed="1" skipped="0">
  <reporter-output>
  </reporter-output>
  <suite started-at="2025-07-22T12:25:37 IST" name="API Test Suite" finished-at="2025-07-22T12:25:41 IST" duration-ms="3448">
    <groups>
      <group name="TC06">
        <method signature="ApiAutomation.getTheDetailsOfUseAfterUpdater(java.lang.String,java.lang.String)[pri:0, instance:com.moolya.api.tests.ApiAutomation@6d4d66d2]" name="getTheDetailsOfUseAfterUpdater" class="com.moolya.api.tests.ApiAutomation"/>
      </group> <!-- TC06 -->
      <group name="TC05">
        <method signature="ApiAutomation.updateUserDetails()[pri:0, instance:com.moolya.api.tests.ApiAutomation@6d4d66d2]" name="updateUserDetails" class="com.moolya.api.tests.ApiAutomation"/>
        <method signature="ApiAutomation.updateUserDetailsWithDisplay()[pri:0, instance:com.moolya.api.tests.ApiAutomation@6d4d66d2]" name="updateUserDetailsWithDisplay" class="com.moolya.api.tests.ApiAutomation"/>
      </group> <!-- TC05 -->
      <group name="TC02">
        <method signature="ApiAutomation.getListOfUSers_body_validation()[pri:0, instance:com.moolya.api.tests.ApiAutomation@6d4d66d2]" name="getListOfUSers_body_validation" class="com.moolya.api.tests.ApiAutomation"/>
      </group> <!-- TC02 -->
      <group name="TC01">
        <method signature="ApiAutomation.getListOfUsersHardCoded()[pri:0, instance:com.moolya.api.tests.ApiAutomation@6d4d66d2]" name="getListOfUsersHardCoded" class="com.moolya.api.tests.ApiAutomation"/>
      </group> <!-- TC01 -->
      <group name="Regression">
        <method signature="ApiAutomation.getTheDetailsOfUseAfterUpdater(java.lang.String,java.lang.String)[pri:0, instance:com.moolya.api.tests.ApiAutomation@6d4d66d2]" name="getTheDetailsOfUseAfterUpdater" class="com.moolya.api.tests.ApiAutomation"/>
        <method signature="ApiAutomation.getListOfUSers_body_validation()[pri:0, instance:com.moolya.api.tests.ApiAutomation@6d4d66d2]" name="getListOfUSers_body_validation" class="com.moolya.api.tests.ApiAutomation"/>
      </group> <!-- Regression -->
      <group name="smoke">
        <method signature="ApiAutomation.getListOfUsersHardCoded()[pri:0, instance:com.moolya.api.tests.ApiAutomation@6d4d66d2]" name="getListOfUsersHardCoded" class="com.moolya.api.tests.ApiAutomation"/>
        <method signature="ApiAutomation.updateUserDetails()[pri:0, instance:com.moolya.api.tests.ApiAutomation@6d4d66d2]" name="updateUserDetails" class="com.moolya.api.tests.ApiAutomation"/>
        <method signature="ApiAutomation.getTheDetailsOfUseAfterUpdater(java.lang.String,java.lang.String)[pri:0, instance:com.moolya.api.tests.ApiAutomation@6d4d66d2]" name="getTheDetailsOfUseAfterUpdater" class="com.moolya.api.tests.ApiAutomation"/>
        <method signature="ApiAutomation.getListOfUSers_body_validation()[pri:0, instance:com.moolya.api.tests.ApiAutomation@6d4d66d2]" name="getListOfUSers_body_validation" class="com.moolya.api.tests.ApiAutomation"/>
        <method signature="ApiAutomation.updateUserDetailsWithDisplay()[pri:0, instance:com.moolya.api.tests.ApiAutomation@6d4d66d2]" name="updateUserDetailsWithDisplay" class="com.moolya.api.tests.ApiAutomation"/>
      </group> <!-- smoke -->
    </groups>
    <test started-at="2025-07-22T12:25:37 IST" name="smoke tests" finished-at="2025-07-22T12:25:41 IST" duration-ms="3448">
      <class name="com.moolya.api.tests.ApiAutomation">
        <test-method signature="getListOfUsersHardCoded()[pri:0, instance:com.moolya.api.tests.ApiAutomation@6d4d66d2]" started-at="2025-07-22T12:25:37 IST" name="getListOfUsersHardCoded" description="TC01_This method executes the get API and getting the base uri and endpoint are harcoded" finished-at="2025-07-22T12:25:39 IST" duration-ms="2103" status="PASS">
          <reporter-output>
          </reporter-output>
        </test-method> <!-- getListOfUsersHardCoded -->
        <test-method signature="updateUserDetails()[pri:0, instance:com.moolya.api.tests.ApiAutomation@6d4d66d2]" started-at="2025-07-22T12:25:39 IST" name="updateUserDetails" description="TC05_This method used to update the user salary and age details" finished-at="2025-07-22T12:25:39 IST" duration-ms="57" status="PASS">
          <reporter-output>
          </reporter-output>
        </test-method> <!-- updateUserDetails -->
        <test-method signature="getListOfUSers_body_validation()[pri:0, instance:com.moolya.api.tests.ApiAutomation@6d4d66d2]" started-at="2025-07-22T12:25:39 IST" name="getListOfUSers_body_validation" description="TC02_This method executes the get API and validating the response body" finished-at="2025-07-22T12:25:40 IST" duration-ms="1140" status="PASS">
          <reporter-output>
          </reporter-output>
        </test-method> <!-- getListOfUSers_body_validation -->
        <test-method signature="updateUserDetailsWithDisplay()[pri:0, instance:com.moolya.api.tests.ApiAutomation@6d4d66d2]" started-at="2025-07-22T12:25:40 IST" name="updateUserDetailsWithDisplay" description="TC05A_This method used to update the user salary and age details" finished-at="2025-07-22T12:25:40 IST" duration-ms="37" status="PASS">
          <reporter-output>
          </reporter-output>
        </test-method> <!-- updateUserDetailsWithDisplay -->
        <test-method signature="getTheDetailsOfUseAfterUpdater(java.lang.String,java.lang.String)[pri:0, instance:com.moolya.api.tests.ApiAutomation@6d4d66d2]" started-at="2025-07-22T12:25:41 IST" name="getTheDetailsOfUseAfterUpdater" description="TC06_Get the details of the single user based on the id" finished-at="2025-07-22T12:25:41 IST" depends-on-methods="com.moolya.api.tests.ApiAutomation.updateUserDetails" duration-ms="0" status="FAIL">
          <exception class="org.testng.TestNGException">
            <message>
              <![CDATA[
Cannot inject @Test annotated Method [getTheDetailsOfUseAfterUpdater] with [class java.lang.String, class java.lang.String].
For more information on native dependency injection please refer to https://testng.org/#_dependency_injection]]>
            </message>
            <full-stacktrace>
              <![CDATA[org.testng.TestNGException: 
Cannot inject @Test annotated Method [getTheDetailsOfUseAfterUpdater] with [class java.lang.String, class java.lang.String].
For more information on native dependency injection please refer to https://testng.org/#_dependency_injection
at org.testng.internal.Parameters.checkParameterTypes(Parameters.java:442)
at org.testng.internal.Parameters.createParametersForMethod(Parameters.java:347)
at org.testng.internal.Parameters.createParameters(Parameters.java:699)
at org.testng.internal.Parameters.handleParameters(Parameters.java:885)
at org.testng.internal.Parameters.handleParameters(Parameters.java:734)
at org.testng.internal.invokers.ParameterHandler.handleParameters(ParameterHandler.java:72)
at org.testng.internal.invokers.ParameterHandler.createParameters(ParameterHandler.java:51)
at org.testng.internal.invokers.TestInvoker$MethodInvocationAgent.invoke(TestInvoker.java:949)
at org.testng.internal.invokers.TestInvoker.invokeTestMethods(TestInvoker.java:203)
at org.testng.internal.invokers.TestMethodWorker.invokeTestMethods(TestMethodWorker.java:154)
at org.testng.internal.invokers.TestMethodWorker.run(TestMethodWorker.java:134)
at java.base/java.util.ArrayList.forEach(ArrayList.java:1541)
at org.testng.TestRunner.privateRun(TestRunner.java:741)
at org.testng.TestRunner.run(TestRunner.java:616)
at org.testng.SuiteRunner.runTest(SuiteRunner.java:421)
at org.testng.SuiteRunner.runSequentially(SuiteRunner.java:413)
at org.testng.SuiteRunner.privateRun(SuiteRunner.java:373)
at org.testng.SuiteRunner.run(SuiteRunner.java:312)
at org.testng.SuiteRunnerWorker.runSuite(SuiteRunnerWorker.java:52)
at org.testng.SuiteRunnerWorker.run(SuiteRunnerWorker.java:95)
at org.testng.TestNG.runSuitesSequentially(TestNG.java:1274)
at org.testng.TestNG.runSuitesLocally(TestNG.java:1208)
at org.testng.TestNG.runSuites(TestNG.java:1112)
at org.testng.TestNG.run(TestNG.java:1079)
at org.testng.remote.AbstractRemoteTestNG.run(AbstractRemoteTestNG.java:115)
at org.testng.remote.RemoteTestNG.initAndRun(RemoteTestNG.java:293)
at org.testng.remote.RemoteTestNG.main(RemoteTestNG.java:91)
]]>
            </full-stacktrace>
          </exception> <!-- org.testng.TestNGException -->
          <reporter-output>
          </reporter-output>
        </test-method> <!-- getTheDetailsOfUseAfterUpdater -->
      </class> <!-- com.moolya.api.tests.ApiAutomation -->
    </test> <!-- smoke tests -->
  </suite> <!-- API Test Suite -->
</testng-results>
